#
# There is insufficient memory for the Java Runtime Environment to continue.
# Native memory allocation (malloc) failed to allocate 1187376 bytes for Chunk::new
# Possible reasons:
#   The system is out of physical RAM or swap space
#   The process is running with CompressedOops enabled, and the Java Heap may be blocking the growth of the native heap
# Possible solutions:
#   Reduce memory load on the system
#   Increase physical memory or swap space
#   Check if swap backing store is full
#   Decrease Java heap size (-Xmx/-Xms)
#   Decrease number of Java threads
#   Decrease Java thread stack sizes (-Xss)
#   Set larger code cache with -XX:ReservedCodeCacheSize=
#   JVM is running with Unscaled Compressed Oops mode in which the Java heap is
#     placed in the first 4GB address space. The Java Heap base address is the
#     maximum limit for the native heap growth. Please use -XX:HeapBaseMinAddress
#     to set the Java Heap base and to place the Java Heap above 4GB virtual address.
# This output file may be truncated or incomplete.
#
#  Out of Memory Error (allocation.cpp:389), pid=17412, tid=0x0000000000002544
#
# JRE version: OpenJDK Runtime Environment (8.0_242-b01) (build 1.8.0_242-release-1644-b01)
# Java VM: OpenJDK 64-Bit Server VM (25.242-b01 mixed mode windows-amd64 compressed oops)
# Failed to write core dump. Minidumps are not enabled by default on client versions of Windows
#

---------------  T H R E A D  ---------------

Current thread (0x0000000018497800):  JavaThread "C2 CompilerThread2" daemon [_thread_in_native, id=9540, stack(0x0000000018f70000,0x0000000019070000)]

Stack: [0x0000000018f70000,0x0000000019070000]
[error occurred during error reporting (printing stack bounds), id 0xc0000005]

Native frames: (J=compiled Java code, j=interpreted, Vv=VM code, C=native code)


Current CompileTask:
C2:   1201 1495       4       java.net.URLClassLoader$1::run (5 bytes)


---------------  P R O C E S S  ---------------

Java Threads: ( => current thread )
  0x0000000019903000 JavaThread "File lock request listener" [_thread_in_native, id=18988, stack(0x000000001d5d0000,0x000000001d6d0000)]
  0x0000000019901800 JavaThread "Cache worker for file hash cache (C:\Users\Taehyo\.gradle\caches\6.7.1\fileHashes)" [_thread_blocked, id=16912, stack(0x000000001d4d0000,0x000000001d5d0000)]
  0x000000001b342000 JavaThread "Thread-9" [_thread_blocked, id=1172, stack(0x000000001cfd0000,0x000000001d0d0000)]
  0x0000000019a41000 JavaThread "Stdin handler" [_thread_blocked, id=10644, stack(0x000000001ced0000,0x000000001cfd0000)]
  0x0000000019550800 JavaThread "Asynchronous log dispatcher for DefaultDaemonConnection: socket connection from /127.0.0.1:54752 to /127.0.0.1:54753" [_thread_blocked, id=10836, stack(0x000000001cdd0000,0x000000001ced0000)]
  0x0000000019792800 JavaThread "Daemon worker" [_thread_in_vm, id=7068, stack(0x000000001ccd0000,0x000000001cdd0000)]
  0x00000000196ab000 JavaThread "Cancel handler" [_thread_blocked, id=5324, stack(0x000000001cad0000,0x000000001cbd0000)]
  0x000000001b302800 JavaThread "Handler for socket connection from /127.0.0.1:54752 to /127.0.0.1:54753" [_thread_in_native, id=18576, stack(0x000000001c9d0000,0x000000001cad0000)]
  0x000000001b285800 JavaThread "Daemon" [_thread_blocked, id=15268, stack(0x000000001c6d0000,0x000000001c7d0000)]
  0x000000001a1e9000 JavaThread "Daemon periodic checks" [_thread_blocked, id=19104, stack(0x000000001c5d0000,0x000000001c6d0000)]
  0x000000001b275800 JavaThread "Incoming local TCP Connector on port 54752" [_thread_in_native, id=13184, stack(0x000000001c380000,0x000000001c480000)]
  0x00000000185a0000 JavaThread "Daemon health stats" [_thread_blocked, id=16748, stack(0x000000001ab40000,0x000000001ac40000)]
  0x000000001852d000 JavaThread "Service Thread" daemon [_thread_blocked, id=9560, stack(0x0000000019170000,0x0000000019270000)]
  0x000000001849f000 JavaThread "C1 CompilerThread3" daemon [_thread_blocked, id=15276, stack(0x0000000019070000,0x0000000019170000)]
=>0x0000000018497800 JavaThread "C2 CompilerThread2" daemon [_thread_in_native, id=9540, stack(0x0000000018f70000,0x0000000019070000)]
  0x0000000018496000 JavaThread "C2 CompilerThread1" daemon [_thread_blocked, id=17612, stack(0x0000000018e70000,0x0000000018f70000)]
  0x0000000018492000 JavaThread "C2 CompilerThread0" daemon [_thread_blocked, id=17020, stack(0x0000000018d70000,0x0000000018e70000)]
  0x0000000018491000 JavaThread "Attach Listener" daemon [_thread_blocked, id=8628, stack(0x0000000018c70000,0x0000000018d70000)]
  0x0000000018490000 JavaThread "Signal Dispatcher" daemon [_thread_blocked, id=18164, stack(0x0000000018b70000,0x0000000018c70000)]
  0x0000000018480800 JavaThread "Finalizer" daemon [_thread_blocked, id=8464, stack(0x0000000018960000,0x0000000018a60000)]
  0x0000000002a07000 JavaThread "Reference Handler" daemon [_thread_blocked, id=14744, stack(0x0000000018860000,0x0000000018960000)]
  0x0000000002912800 JavaThread "main" [_thread_blocked, id=16852, stack(0x00000000027b0000,0x00000000028b0000)]

Other Threads:
  0x0000000016678800 VMThread [stack: 0x0000000018360000,0x0000000018460000] [id=10996]
  0x00000000184b5000 WatcherThread [stack: 0x0000000019270000,0x0000000019370000] [id=8352]

VM state:not at safepoint (normal execution)

VM Mutex/Monitor currently owned by a thread: None

heap address: 0x00000000a2400000, size: 1500 MB, Compressed Oops mode: 32-bit
Narrow klass base: 0x0000000000000000, Narrow klass shift: 3
Compressed class space size: 1073741824 Address: 0x0000000100000000

Heap:
 PSYoungGen      total 71680K, used 14384K [0x00000000e0c00000, 0x00000000e5700000, 0x0000000100000000)
  eden space 66560K, 13% used [0x00000000e0c00000,0x00000000e15143d8,0x00000000e4d00000)
  from space 5120K, 99% used [0x00000000e5200000,0x00000000e56f8020,0x00000000e5700000)
  to   space 5120K, 0% used [0x00000000e4d00000,0x00000000e4d00000,0x00000000e5200000)
 ParOldGen       total 87552K, used 3459K [0x00000000a2400000, 0x00000000a7980000, 0x00000000e0c00000)
  object space 87552K, 3% used [0x00000000a2400000,0x00000000a2760f00,0x00000000a7980000)
 Metaspace       used 15307K, capacity 15874K, committed 16128K, reserved 1064960K
  class space    used 2104K, capacity 2270K, committed 2304K, reserved 1048576K

Card table byte_map: [0x0000000011dd0000,0x00000000120c0000] byte_map_base: 0x00000000118be000

Marking Bits: (ParMarkBitMap*) 0x0000000058fff030
 Begin Bits: [0x0000000012ac0000, 0x0000000014230000)
 End Bits:   [0x0000000014230000, 0x00000000159a0000)

Polling page: 0x0000000001120000

CodeCache: size=245760Kb used=5459Kb max_used=5459Kb free=240300Kb
 bounds [0x0000000002a10000, 0x0000000002f70000, 0x0000000011a10000]
 total_blobs=1941 nmethods=1554 adapters=300
 compilation: enabled

Compilation events (10 events):
Event: 1.196 Thread 0x000000001849f000 1552       3       java.lang.reflect.Modifier::isPrivate (12 bytes)
Event: 1.196 Thread 0x000000001849f000 nmethod 1552 0x0000000002f53910 code [0x0000000002f53a60, 0x0000000002f53bf0]
Event: 1.196 Thread 0x000000001849f000 1551       3       sun.invoke.util.Wrapper::forPrimitiveType (49 bytes)
Event: 1.196 Thread 0x000000001849f000 nmethod 1551 0x0000000002f63c90 code [0x0000000002f63f20, 0x0000000002f650d8]
Event: 1.198 Thread 0x000000001849f000 1553       3       java.lang.invoke.MethodType::toMethodDescriptorString (21 bytes)
Event: 1.198 Thread 0x000000001849f000 nmethod 1553 0x0000000002f62850 code [0x0000000002f62a60, 0x0000000002f63558]
Event: 1.199 Thread 0x000000001849f000 1555       3       java.lang.reflect.Method::setMethodAccessor (21 bytes)
Event: 1.200 Thread 0x000000001849f000 nmethod 1555 0x0000000002f532d0 code [0x0000000002f53440, 0x0000000002f537e8]
Event: 1.200 Thread 0x000000001849f000 1554       1       java.lang.reflect.Method::getMethodAccessor (5 bytes)
Event: 1.200 Thread 0x000000001849f000 nmethod 1554 0x0000000002f62590 code [0x0000000002f626e0, 0x0000000002f627f0]

GC Heap History (8 events):
Event: 0.461 GC heap before
{Heap before GC invocations=1 (full 0):
 PSYoungGen      total 38400K, used 33280K [0x00000000e0c00000, 0x00000000e3680000, 0x0000000100000000)
  eden space 33280K, 100% used [0x00000000e0c00000,0x00000000e2c80000,0x00000000e2c80000)
  from space 5120K, 0% used [0x00000000e3180000,0x00000000e3180000,0x00000000e3680000)
  to   space 5120K, 0% used [0x00000000e2c80000,0x00000000e2c80000,0x00000000e3180000)
 ParOldGen       total 87552K, used 0K [0x00000000a2400000, 0x00000000a7980000, 0x00000000e0c00000)
  object space 87552K, 0% used [0x00000000a2400000,0x00000000a2400000,0x00000000a7980000)
 Metaspace       used 7543K, capacity 7848K, committed 8064K, reserved 1056768K
  class space    used 930K, capacity 1039K, committed 1152K, reserved 1048576K
Event: 0.465 GC heap after
Heap after GC invocations=1 (full 0):
 PSYoungGen      total 38400K, used 4578K [0x00000000e0c00000, 0x00000000e3680000, 0x0000000100000000)
  eden space 33280K, 0% used [0x00000000e0c00000,0x00000000e0c00000,0x00000000e2c80000)
  from space 5120K, 89% used [0x00000000e2c80000,0x00000000e30f8ab8,0x00000000e3180000)
  to   space 5120K, 0% used [0x00000000e3180000,0x00000000e3180000,0x00000000e3680000)
 ParOldGen       total 87552K, used 16K [0x00000000a2400000, 0x00000000a7980000, 0x00000000e0c00000)
  object space 87552K, 0% used [0x00000000a2400000,0x00000000a2404000,0x00000000a7980000)
 Metaspace       used 7543K, capacity 7848K, committed 8064K, reserved 1056768K
  class space    used 930K, capacity 1039K, committed 1152K, reserved 1048576K
}
Event: 0.585 GC heap before
{Heap before GC invocations=2 (full 0):
 PSYoungGen      total 38400K, used 37858K [0x00000000e0c00000, 0x00000000e3680000, 0x0000000100000000)
  eden space 33280K, 100% used [0x00000000e0c00000,0x00000000e2c80000,0x00000000e2c80000)
  from space 5120K, 89% used [0x00000000e2c80000,0x00000000e30f8ab8,0x00000000e3180000)
  to   space 5120K, 0% used [0x00000000e3180000,0x00000000e3180000,0x00000000e3680000)
 ParOldGen       total 87552K, used 16K [0x00000000a2400000, 0x00000000a7980000, 0x00000000e0c00000)
  object space 87552K, 0% used [0x00000000a2400000,0x00000000a2404000,0x00000000a7980000)
 Metaspace       used 7715K, capacity 7976K, committed 8320K, reserved 1056768K
  class space    used 939K, capacity 1039K, committed 1152K, reserved 1048576K
Event: 0.587 GC heap after
Heap after GC invocations=2 (full 0):
 PSYoungGen      total 38400K, used 3489K [0x00000000e0c00000, 0x00000000e5700000, 0x0000000100000000)
  eden space 33280K, 0% used [0x00000000e0c00000,0x00000000e0c00000,0x00000000e2c80000)
  from space 5120K, 68% used [0x00000000e3180000,0x00000000e34e8608,0x00000000e3680000)
  to   space 5120K, 0% used [0x00000000e2c80000,0x00000000e2c80000,0x00000000e3180000)
 ParOldGen       total 87552K, used 24K [0x00000000a2400000, 0x00000000a7980000, 0x00000000e0c00000)
  object space 87552K, 0% used [0x00000000a2400000,0x00000000a2406000,0x00000000a7980000)
 Metaspace       used 7715K, capacity 7976K, committed 8320K, reserved 1056768K
  class space    used 939K, capacity 1039K, committed 1152K, reserved 1048576K
}
Event: 0.954 GC heap before
{Heap before GC invocations=3 (full 0):
 PSYoungGen      total 38400K, used 36769K [0x00000000e0c00000, 0x00000000e5700000, 0x0000000100000000)
  eden space 33280K, 100% used [0x00000000e0c00000,0x00000000e2c80000,0x00000000e2c80000)
  from space 5120K, 68% used [0x00000000e3180000,0x00000000e34e8608,0x00000000e3680000)
  to   space 5120K, 0% used [0x00000000e2c80000,0x00000000e2c80000,0x00000000e3180000)
 ParOldGen       total 87552K, used 24K [0x00000000a2400000, 0x00000000a7980000, 0x00000000e0c00000)
  object space 87552K, 0% used [0x00000000a2400000,0x00000000a2406000,0x00000000a7980000)
 Metaspace       used 11830K, capacity 12200K, committed 12544K, reserved 1060864K
  class space    used 1556K, capacity 1692K, committed 1792K, reserved 1048576K
Event: 0.957 GC heap after
Heap after GC invocations=3 (full 0):
 PSYoungGen      total 38400K, used 5104K [0x00000000e0c00000, 0x00000000e5700000, 0x0000000100000000)
  eden space 33280K, 0% used [0x00000000e0c00000,0x00000000e0c00000,0x00000000e2c80000)
  from space 5120K, 99% used [0x00000000e2c80000,0x00000000e317c010,0x00000000e3180000)
  to   space 5120K, 0% used [0x00000000e5200000,0x00000000e5200000,0x00000000e5700000)
 ParOldGen       total 87552K, used 1123K [0x00000000a2400000, 0x00000000a7980000, 0x00000000e0c00000)
  object space 87552K, 1% used [0x00000000a2400000,0x00000000a2518ef0,0x00000000a7980000)
 Metaspace       used 11830K, capacity 12200K, committed 12544K, reserved 1060864K
  class space    used 1556K, capacity 1692K, committed 1792K, reserved 1048576K
}
Event: 1.125 GC heap before
{Heap before GC invocations=4 (full 0):
 PSYoungGen      total 38400K, used 38384K [0x00000000e0c00000, 0x00000000e5700000, 0x0000000100000000)
  eden space 33280K, 100% used [0x00000000e0c00000,0x00000000e2c80000,0x00000000e2c80000)
  from space 5120K, 99% used [0x00000000e2c80000,0x00000000e317c010,0x00000000e3180000)
  to   space 5120K, 0% used [0x00000000e5200000,0x00000000e5200000,0x00000000e5700000)
 ParOldGen       total 87552K, used 1123K [0x00000000a2400000, 0x00000000a7980000, 0x00000000e0c00000)
  object space 87552K, 1% used [0x00000000a2400000,0x00000000a2518ef0,0x00000000a7980000)
 Metaspace       used 14254K, capacity 14684K, committed 14976K, reserved 1064960K
  class space    used 1969K, capacity 2094K, committed 2176K, reserved 1048576K
Event: 1.130 GC heap after
Heap after GC invocations=4 (full 0):
 PSYoungGen      total 71680K, used 5088K [0x00000000e0c00000, 0x00000000e5700000, 0x0000000100000000)
  eden space 66560K, 0% used [0x00000000e0c00000,0x00000000e0c00000,0x00000000e4d00000)
  from space 5120K, 99% used [0x00000000e5200000,0x00000000e56f8020,0x00000000e5700000)
  to   space 5120K, 0% used [0x00000000e4d00000,0x00000000e4d00000,0x00000000e5200000)
 ParOldGen       total 87552K, used 3459K [0x00000000a2400000, 0x00000000a7980000, 0x00000000e0c00000)
  object space 87552K, 3% used [0x00000000a2400000,0x00000000a2760f00,0x00000000a7980000)
 Metaspace       used 14254K, capacity 14684K, committed 14976K, reserved 1064960K
  class space    used 1969K, capacity 2094K, committed 2176K, reserved 1048576K
}

Deoptimization events (10 events):
Event: 0.960 Thread 0x000000001b302800 Uncommon trap: reason=unstable_if action=reinterpret pc=0x0000000002d479d4 method=java.lang.String.substring(I)Ljava/lang/String; @ 35
Event: 0.980 Thread 0x0000000019792800 Uncommon trap: reason=bimorphic action=maybe_recompile pc=0x0000000002c9cf38 method=java.util.HashMap.putVal(ILjava/lang/Object;Ljava/lang/Object;ZZ)Ljava/lang/Object; @ 253
Event: 0.980 Thread 0x0000000019792800 Uncommon trap: reason=bimorphic action=maybe_recompile pc=0x0000000002c9cf38 method=java.util.HashMap.putVal(ILjava/lang/Object;Ljava/lang/Object;ZZ)Ljava/lang/Object; @ 253
Event: 0.980 Thread 0x0000000019792800 Uncommon trap: reason=bimorphic action=maybe_recompile pc=0x0000000002c9cf38 method=java.util.HashMap.putVal(ILjava/lang/Object;Ljava/lang/Object;ZZ)Ljava/lang/Object; @ 253
Event: 0.980 Thread 0x0000000019792800 Uncommon trap: reason=bimorphic action=maybe_recompile pc=0x0000000002c9cf38 method=java.util.HashMap.putVal(ILjava/lang/Object;Ljava/lang/Object;ZZ)Ljava/lang/Object; @ 253
Event: 1.134 Thread 0x0000000019792800 Uncommon trap: reason=class_check action=maybe_recompile pc=0x0000000002d6ab44 method=java.util.regex.Matcher.match(II)Z @ 86
Event: 1.148 Thread 0x0000000019792800 Uncommon trap: reason=class_check action=maybe_recompile pc=0x0000000002d6ab44 method=java.util.regex.Matcher.match(II)Z @ 86
Event: 1.148 Thread 0x0000000019792800 Uncommon trap: reason=class_check action=maybe_recompile pc=0x0000000002d6ab44 method=java.util.regex.Matcher.match(II)Z @ 86
Event: 1.148 Thread 0x0000000019792800 Uncommon trap: reason=class_check action=maybe_recompile pc=0x0000000002bc265c method=java.util.regex.Matcher.match(II)Z @ 86
Event: 1.186 Thread 0x0000000019792800 Uncommon trap: reason=unstable_if action=reinterpret pc=0x0000000002d65b5c method=java.io.File.getName()Ljava/lang/String; @ 16

Classes redefined (0 events):
No events

Internal exceptions (10 events):
Event: 0.948 Thread 0x000000001b302800 Exception <a 'java/lang/NoSuchMethodError': <clinit>> (0x00000000e2bfb6f0) thrown at [C:\src\AOSP-openjdk-git\hotspot\src\share\vm\prims\jni.cpp, line 1615]
Event: 0.949 Thread 0x000000001b302800 Exception <a 'java/lang/NoSuchMethodError': <clinit>> (0x00000000e2c15930) thrown at [C:\src\AOSP-openjdk-git\hotspot\src\share\vm\prims\jni.cpp, line 1615]
Event: 0.951 Thread 0x000000001b302800 Exception <a 'java/lang/NoSuchMethodError': <clinit>> (0x00000000e2c28258) thrown at [C:\src\AOSP-openjdk-git\hotspot\src\share\vm\prims\jni.cpp, line 1615]
Event: 0.952 Thread 0x000000001b302800 Exception <a 'java/lang/NoSuchMethodError': <clinit>> (0x00000000e2c4efd0) thrown at [C:\src\AOSP-openjdk-git\hotspot\src\share\vm\prims\jni.cpp, line 1615]
Event: 0.953 Thread 0x000000001b302800 Exception <a 'java/lang/NoSuchMethodError': <clinit>> (0x00000000e2c66b98) thrown at [C:\src\AOSP-openjdk-git\hotspot\src\share\vm\prims\jni.cpp, line 1615]
Event: 0.954 Thread 0x000000001b302800 Exception <a 'java/lang/NoSuchMethodError': <clinit>> (0x00000000e2c6f738) thrown at [C:\src\AOSP-openjdk-git\hotspot\src\share\vm\prims\jni.cpp, line 1615]
Event: 0.958 Thread 0x000000001b302800 Exception <a 'java/lang/NoSuchMethodError': <clinit>> (0x00000000e0c06268) thrown at [C:\src\AOSP-openjdk-git\hotspot\src\share\vm\prims\jni.cpp, line 1615]
Event: 0.963 Thread 0x000000001b302800 Exception <a 'java/lang/NoSuchMethodError': <clinit>> (0x00000000e0c9f318) thrown at [C:\src\AOSP-openjdk-git\hotspot\src\share\vm\prims\jni.cpp, line 1615]
Event: 0.966 Thread 0x000000001b302800 Exception <a 'java/lang/NoSuchMethodError': <clinit>> (0x00000000e0ccef18) thrown at [C:\src\AOSP-openjdk-git\hotspot\src\share\vm\prims\jni.cpp, line 1615]
Event: 1.090 Thread 0x0000000019792800 Exception <a 'java/lang/NoSuchMethodError': java.lang.Object.lambda$static$0(Lorg/gradle/internal/state/ModelObject;)Ljava/lang/String;> (0x00000000e214e410) thrown at [C:\src\AOSP-openjdk-git\hotspot\src\share\vm\interpreter\linkResolver.cpp, line 620]

Events (10 events):
Event: 1.199 loading class org/gradle/internal/watch/vfs/BuildLifecycleAwareVirtualFileSystem
Event: 1.199 loading class org/gradle/internal/watch/vfs/BuildLifecycleAwareVirtualFileSystem done
Event: 1.199 loading class org/gradle/internal/build/BuildAddedListener
Event: 1.199 loading class org/gradle/internal/build/BuildAddedListener done
Event: 1.199 loading class org/gradle/internal/snapshot/MetadataSnapshot
Event: 1.199 loading class org/gradle/internal/snapshot/MetadataSnapshot done
Event: 1.200 loading class org/gradle/internal/snapshot/CompleteFileSystemLocationSnapshot
Event: 1.200 loading class org/gradle/internal/snapshot/CompleteFileSystemLocationSnapshot done
Event: 1.200 loading class org/gradle/internal/snapshot/FileSystemSnapshot
Event: 1.200 loading class org/gradle/internal/snapshot/FileSystemSnapshot done


Dynamic libraries:
0x00007ff76cd10000 - 0x00007ff76cd41000 	C:\Program Files\Android\Android Studio\jre\bin\java.exe
0x00007ffd905d0000 - 0x00007ffd907c6000 	C:\WINDOWS\SYSTEM32\ntdll.dll
0x00007ffd8f740000 - 0x00007ffd8f7fd000 	C:\WINDOWS\System32\KERNEL32.DLL
0x00007ffd8df60000 - 0x00007ffd8e228000 	C:\WINDOWS\System32\KERNELBASE.dll
0x00007ffd8e6d0000 - 0x00007ffd8e77a000 	C:\WINDOWS\System32\ADVAPI32.dll
0x00007ffd900c0000 - 0x00007ffd9015e000 	C:\WINDOWS\System32\msvcrt.dll
0x00007ffd8f200000 - 0x00007ffd8f29b000 	C:\WINDOWS\System32\sechost.dll
0x00007ffd8fa20000 - 0x00007ffd8fb44000 	C:\WINDOWS\System32\RPCRT4.dll
0x00007ffd8e850000 - 0x00007ffd8e9f0000 	C:\WINDOWS\System32\USER32.dll
0x00007ffd8df30000 - 0x00007ffd8df52000 	C:\WINDOWS\System32\win32u.dll
0x00007ffd8f2a0000 - 0x00007ffd8f2ca000 	C:\WINDOWS\System32\GDI32.dll
0x00007ffd8e4b0000 - 0x00007ffd8e5b9000 	C:\WINDOWS\System32\gdi32full.dll
0x00007ffd8e230000 - 0x00007ffd8e2cd000 	C:\WINDOWS\System32\msvcp_win.dll
0x00007ffd8e2d0000 - 0x00007ffd8e3d0000 	C:\WINDOWS\System32\ucrtbase.dll
0x00007ffd7ef70000 - 0x00007ffd7f20b000 	C:\WINDOWS\WinSxS\amd64_microsoft.windows.common-controls_6595b64144ccf1df_6.0.19041.488_none_ca04af081b815d21\COMCTL32.dll
0x00007ffd8e640000 - 0x00007ffd8e670000 	C:\WINDOWS\System32\IMM32.DLL
0x000000005aa10000 - 0x000000005aae2000 	C:\Program Files\Android\Android Studio\jre\jre\bin\msvcr100.dll
0x0000000058830000 - 0x000000005907b000 	C:\Program Files\Android\Android Studio\jre\jre\bin\server\jvm.dll
0x00007ffd8eab0000 - 0x00007ffd8eab8000 	C:\WINDOWS\System32\PSAPI.DLL
0x00007ffd735b0000 - 0x00007ffd735b9000 	C:\WINDOWS\SYSTEM32\WSOCK32.dll
0x00007ffd82d00000 - 0x00007ffd82d27000 	C:\WINDOWS\SYSTEM32\WINMM.dll
0x00007ffd84b60000 - 0x00007ffd84b6a000 	C:\WINDOWS\SYSTEM32\VERSION.dll
0x00007ffd90160000 - 0x00007ffd901cb000 	C:\WINDOWS\System32\WS2_32.dll
0x00007ffd86d90000 - 0x00007ffd86d9f000 	C:\Program Files\Android\Android Studio\jre\jre\bin\verify.dll
0x00007ffd69260000 - 0x00007ffd69289000 	C:\Program Files\Android\Android Studio\jre\jre\bin\java.dll
0x00007ffd68300000 - 0x00007ffd68316000 	C:\Program Files\Android\Android Studio\jre\jre\bin\zip.dll
0x00007ffd8eac0000 - 0x00007ffd8f200000 	C:\WINDOWS\System32\SHELL32.dll
0x00007ffd8be90000 - 0x00007ffd8c624000 	C:\WINDOWS\SYSTEM32\windows.storage.dll
0x00007ffd8fb50000 - 0x00007ffd8fea5000 	C:\WINDOWS\System32\combase.dll
0x00007ffd8d790000 - 0x00007ffd8d7bc000 	C:\WINDOWS\SYSTEM32\Wldp.dll
0x00007ffd8f840000 - 0x00007ffd8f8ee000 	C:\WINDOWS\System32\SHCORE.dll
0x00007ffd8e670000 - 0x00007ffd8e6c5000 	C:\WINDOWS\System32\shlwapi.dll
0x00007ffd8dc50000 - 0x00007ffd8dc76000 	C:\WINDOWS\SYSTEM32\profapi.dll
0x00007ffd682e0000 - 0x00007ffd682fa000 	C:\Program Files\Android\Android Studio\jre\jre\bin\net.dll
0x00007ffd8d4c0000 - 0x00007ffd8d52a000 	C:\WINDOWS\system32\mswsock.dll
0x00007ffd674a0000 - 0x00007ffd674b3000 	C:\Program Files\Android\Android Studio\jre\jre\bin\nio.dll
0x00007ffd61d10000 - 0x00007ffd61d37000 	C:\Users\Taehyo\.gradle\native\fdc75f09e3144964f2cf3f50f0aa648679c211496f362492102eb8c894070792\windows-amd64\native-platform.dll
0x00007ffd3e350000 - 0x00007ffd3e4e6000 	C:\Users\Taehyo\.gradle\native\12488b8bf47d2d4c9fbf2f6322a914ad602e24e48041cd04a747c6da556b65c4\windows-amd64\native-platform-file-events.dll
0x00007ffd836a0000 - 0x00007ffd836ad000 	C:\Program Files\Android\Android Studio\jre\jre\bin\management.dll
0x00007ffd8d6e0000 - 0x00007ffd8d6f8000 	C:\WINDOWS\SYSTEM32\CRYPTSP.dll
0x00007ffd8cdd0000 - 0x00007ffd8ce04000 	C:\WINDOWS\system32\rsaenh.dll
0x00007ffd8e3d0000 - 0x00007ffd8e3f7000 	C:\WINDOWS\System32\bcrypt.dll
0x00007ffd8dc10000 - 0x00007ffd8dc3e000 	C:\WINDOWS\SYSTEM32\USERENV.dll
0x00007ffd8e5c0000 - 0x00007ffd8e63f000 	C:\WINDOWS\System32\bcryptprimitives.dll
0x00007ffd8d700000 - 0x00007ffd8d70c000 	C:\WINDOWS\SYSTEM32\CRYPTBASE.dll
0x00007ffd8d190000 - 0x00007ffd8d1cb000 	C:\WINDOWS\SYSTEM32\IPHLPAPI.DLL
0x00007ffd8f830000 - 0x00007ffd8f839000 	C:\WINDOWS\System32\NSI.dll
0x00007ffd85f30000 - 0x00007ffd85f47000 	C:\WINDOWS\SYSTEM32\dhcpcsvc6.DLL
0x00007ffd85fe0000 - 0x00007ffd85ffd000 	C:\WINDOWS\SYSTEM32\dhcpcsvc.DLL
0x00007ffd8d1d0000 - 0x00007ffd8d29b000 	C:\WINDOWS\SYSTEM32\DNSAPI.dll
0x00007ffd86490000 - 0x00007ffd8649b000 	C:\WINDOWS\SYSTEM32\WINNSI.DLL

VM Arguments:
jvm_args: -Xms128m -Xmx1500m -Dfile.encoding=windows-1251 -Duser.country=RU -Duser.language=ru -Duser.variant 
java_command: org.gradle.launcher.daemon.bootstrap.GradleDaemon 6.7.1
java_class_path (initial): C:\Users\Taehyo\.gradle\wrapper\dists\gradle-6.7.1-bin\bwlcbys1h7rz3272sye1xwiv6\gradle-6.7.1\lib\gradle-launcher-6.7.1.jar
Launcher Type: SUN_STANDARD

Environment Variables:
PATH=C:\Program Files (x86)\Intel\iCLS Client\;C:\Program Files (x86)\Common Files\Oracle\Java\javapath;C:\ProgramData\Oracle\Java\javapath;C:\Program Files\Microsoft MPI\Bin\;C:\Program Files\Intel\iCLS Client\;C:\Windows\system32;C:\Windows;C:\Windows\System32\Wbem;C:\Windows\System32\WindowsPowerShell\v1.0\;C:\Program Files\Microsoft SQL Server\130\Tools\Binn\;C:\Program Files\dotnet\;C:\Program Files\Git\cmd;C:\Program Files (x86)\GtkSharp\2.12\bin;C:\WINDOWS\system32;C:\WINDOWS;C:\WINDOWS\System32\Wbem;C:\WINDOWS\System32\WindowsPowerShell\v1.0\;C:\Program Files\Common Files\Autodesk Shared\;C:\Program Files (x86)\Microsoft SQL Server\100\Tools\Binn\;C:\Program Files\Microsoft SQL Server\100\Tools\Binn\;C:\Program Files\Microsoft SQL Server\100\DTS\Binn\;C:\Program Files\nodejs\;C:\Program Files (x86)\NVIDIA Corporation\PhysX\Common;C:\Program Files (x86)\Intel\Intel(R) Management Engine Components\DAL;C:\Program Files\Intel\Intel(R) Management Engine Components\DAL;C:\Program Files (x86)\Intel\Intel(R) Management Engine Components\IPT;C:\Program Files\Intel\Intel(R) Management Engine Components\IPT;C:\Program Files\NVIDIA Corporation\NVIDIA NvDLISR;C:\WINDOWS\system32;C:\WINDOWS;C:\WINDOWS\System32\Wbem;C:\WINDOWS\System32\WindowsPowerShell\v1.0\;C:\WINDOWS\System32\OpenSSH\;C:\Users\Taehyo\AppData\Local\Microsoft\WindowsApps;C:\Program Files (x86)\Nmap;C:\Users\Taehyo\AppData\Roaming\npm;C:\Program Files\CMake\bin;C:\Users\Taehyo\.dotnet\tools
USERNAME=Taehyo
OS=Windows_NT
PROCESSOR_IDENTIFIER=Intel64 Family 6 Model 158 Stepping 9, GenuineIntel



---------------  S Y S T E M  ---------------

OS: Windows 10.0 , 64 bit Build 19041 (10.0.19041.546)

CPU:total 8 (initial active 8) (4 cores per cpu, 2 threads per core) family 6 model 158 stepping 9, cmov, cx8, fxsr, mmx, sse, sse2, sse3, ssse3, sse4.1, sse4.2, popcnt, avx, avx2, aes, clmul, erms, rtm, 3dnowpref, lzcnt, ht, tsc, tscinvbit, bmi1, bmi2, adx

Memory: 4k page, physical 16734316k(2054064k free), swap 20930668k(6308k free)

vm_info: OpenJDK 64-Bit Server VM (25.242-b01) for windows-amd64 JRE (1.8.0_242-release-1644-b01), built by "builder" with MS VC++ 10.0 (VS2010)

time: Mon Apr 26 20:51:46 2021
timezone: RTZ 8 (зима)
elapsed time: 1 seconds (0d 0h 0m 1s)

